0 info it worked if it ends with ok
1 verbose cli [ 'C:\\Program Files\\nodejs\\node.exe',
1 verbose cli   'C:\\Program Files\\nodejs\\node_modules\\npm\\bin\\npm-cli.js',
1 verbose cli   'run',
1 verbose cli   'bundle' ]
2 info using npm@3.10.10
3 info using node@v6.11.0
4 verbose run-script [ 'prebundle', 'bundle', 'postbundle' ]
5 info lifecycle helloreact@1.0.0~prebundle: helloreact@1.0.0
6 silly lifecycle helloreact@1.0.0~prebundle: no script for prebundle, continuing
7 info lifecycle helloreact@1.0.0~bundle: helloreact@1.0.0
8 verbose lifecycle helloreact@1.0.0~bundle: unsafe-perm in lifecycle true
9 verbose lifecycle helloreact@1.0.0~bundle: PATH: C:\Program Files\nodejs\node_modules\npm\bin\node-gyp-bin;C:\Users\admin\helloreact\node_modules\.bin;C:\Users\admin\AppData\Roaming\npm;C:\Program Files\nodejs\;C:\ProgramData\Oracle\Java\javapath;C:\Program Files (x86)\Intel\iCLS Client\;C:\Program Files\Intel\iCLS Client\;C:\windows\system32;C:\windows;C:\windows\System32\Wbem;C:\windows\System32\WindowsPowerShell\v1.0\;C:\Program Files\Intel\Intel(R) Management Engine Components\DAL;C:\Program Files (x86)\Intel\Intel(R) Management Engine Components\DAL;C:\Program Files\Intel\Intel(R) Management Engine Components\IPT;C:\Program Files (x86)\Intel\Intel(R) Management Engine Components\IPT;c:\Program Files (x86)\Hewlett-Packard\HP Performance Advisor;C:\Program Files\nodejs\;C:\Program Files\MIT\Kerberos\bin;C:\Program Files\Java\jdk1.8.0_51\bin\;C:\Users\admin\AppData\Roaming\npm;C:\Program Files (x86)\Microsoft VS Code\bin
10 verbose lifecycle helloreact@1.0.0~bundle: CWD: C:\Users\admin\helloreact
11 silly lifecycle helloreact@1.0.0~bundle: Args: [ '/d /s /c', 'build-bundle ./ -o dist -v 1.0.0' ]
12 silly lifecycle helloreact@1.0.0~bundle: Returned: code: 1  signal: null
13 info lifecycle helloreact@1.0.0~bundle: Failed to exec bundle script
14 verbose stack Error: helloreact@1.0.0 bundle: `build-bundle ./ -o dist -v 1.0.0`
14 verbose stack Exit status 1
14 verbose stack     at EventEmitter.<anonymous> (C:\Program Files\nodejs\node_modules\npm\lib\utils\lifecycle.js:255:16)
14 verbose stack     at emitTwo (events.js:106:13)
14 verbose stack     at EventEmitter.emit (events.js:191:7)
14 verbose stack     at ChildProcess.<anonymous> (C:\Program Files\nodejs\node_modules\npm\lib\utils\spawn.js:40:14)
14 verbose stack     at emitTwo (events.js:106:13)
14 verbose stack     at ChildProcess.emit (events.js:191:7)
14 verbose stack     at maybeClose (internal/child_process.js:891:16)
14 verbose stack     at Process.ChildProcess._handle.onexit (internal/child_process.js:226:5)
15 verbose pkgid helloreact@1.0.0
16 verbose cwd C:\Users\admin\helloreact
17 error Windows_NT 6.1.7601
18 error argv "C:\\Program Files\\nodejs\\node.exe" "C:\\Program Files\\nodejs\\node_modules\\npm\\bin\\npm-cli.js" "run" "bundle"
19 error node v6.11.0
20 error npm  v3.10.10
21 error code ELIFECYCLE
22 error helloreact@1.0.0 bundle: `build-bundle ./ -o dist -v 1.0.0`
22 error Exit status 1
23 error Failed at the helloreact@1.0.0 bundle script 'build-bundle ./ -o dist -v 1.0.0'.
23 error Make sure you have the latest version of node.js and npm installed.
23 error If you do, this is most likely a problem with the helloreact package,
23 error not with npm itself.
23 error Tell the author that this fails on your system:
23 error     build-bundle ./ -o dist -v 1.0.0
23 error You can get information on how to open an issue for this project with:
23 error     npm bugs helloreact
23 error Or if that isn't available, you can get their info via:
23 error     npm owner ls helloreact
23 error There is likely additional logging output above.
24 verbose exit [ 1, true ]
